{"D:\\Assignment\\EmpManager\\src\\components\\atoms\\Button\\TextButton\\NavButton.tsx": {"path":"D:\\Assignment\\EmpManager\\src\\components\\atoms\\Button\\TextButton\\NavButton.tsx","statementMap":{"0":{"start":{"line":19,"column":0},"end":{"line":19,"column":15}},"1":{"start":{"line":1,"column":18},"end":{"line":1,"column":null}},"2":{"start":{"line":2,"column":23},"end":{"line":2,"column":null}},"3":{"start":{"line":5,"column":18},"end":{"line":17,"column":null}},"4":{"start":{"line":19,"column":15},"end":{"line":19,"column":null}}},"fnMap":{"0":{"name":"(anonymous_0)","decl":{"start":{"line":19,"column":0},"end":{"line":19,"column":15}},"loc":{"start":{"line":19,"column":0},"end":{"line":19,"column":15}}},"1":{"name":"(anonymous_2)","decl":{"start":{"line":5,"column":18},"end":{"line":5,"column":19}},"loc":{"start":{"line":5,"column":57},"end":{"line":17,"column":null}}}},"branchMap":{},"s":{"0":2,"1":1,"2":1,"3":1,"4":1},"f":{"0":2,"1":2},"b":{}}
}
